<?xml version="1.0" encoding="UTF-8"?>
<!-- Generated by org.testng.reporters.JUnitXMLReporter -->
<testsuite hostname="LAPTOP-AVO2SLVE" ignored="0" name="Default test" tests="4" failures="0" timestamp="06 Sep 2020 14:11:18 GMT" time="92.207" errors="0">
  <testcase name="homePageNavigation" time="18.49" classname="com.amazon.qa.test.AmazonTest"/>
  <testcase name="addProductToCart" time="24.261" classname="com.amazon.qa.test.AmazonTest"/>
  <testcase name="productFromMenu" time="35.431" classname="com.amazon.qa.test.AmazonTest"/>
  <testcase name="amazonLogoTest" time="7.55" classname="com.amazon.qa.test.AmazonTest"/>
</testsuite> <!-- Default test -->
