<?xml version="1.0" encoding="UTF-8"?>
<!-- Generated by org.testng.reporters.JUnitXMLReporter -->
<testsuite hostname="LAPTOP-AVO2SLVE" ignored="0" name="Test" tests="4" failures="0" timestamp="06 Sep 2020 15:11:15 GMT" time="77.426" errors="0">
  <testcase name="homePageNavigation" time="10.406" classname="com.amazon.qa.test.AmazonTest"/>
  <testcase name="addProductToCart" time="28.763" classname="com.amazon.qa.test.AmazonTest"/>
  <testcase name="productFromMenu" time="26.763" classname="com.amazon.qa.test.AmazonTest"/>
  <testcase name="amazonLogoTest" time="4.927" classname="com.amazon.qa.test.AmazonTest"/>
</testsuite> <!-- Test -->
